[2025-02-28T14:34:45.906636+00:00] app.INFO: New WebSocket connection {"resourceId":114,"ip":"192.168.1.94"} []
[2025-02-28T14:36:34.857441+00:00] app.INFO: WebSocket started {"message":"Server started. 000000"} []
[2025-02-28T14:36:50.482512+00:00] app.INFO: New WebSocket connection {"resourceId":117,"ip":"192.168.1.94"} []
[2025-02-28T14:36:51.416968+00:00] app.INFO: New WebSocket connection {"resourceId":120,"ip":"192.168.1.94"} []
[2025-02-28T14:36:52.019292+00:00] app.INFO: New WebSocket connection {"resourceId":123,"ip":"192.168.1.94"} []
[2025-02-28T14:42:33.088639+00:00] app.INFO: New WebSocket connection {"resourceId":126,"ip":"192.168.1.94"} []
[2025-02-28T14:43:53.640766+00:00] app.INFO: WebSocket started {"message":"Server started. 000000"} []
[2025-02-28T14:43:54.782131+00:00] app.INFO: New WebSocket connection {"resourceId":79,"ip":"192.168.1.94"} []
[2025-02-28T14:43:54.983355+00:00] app.INFO: onMessage received from {"resourceId":79,"message":"subscribe"} []
[2025-02-28T14:43:54.983464+00:00] app.INFO: subscribeToChannel {"message":"momo_updates"} []
[2025-02-28T14:44:24.776349+00:00] app.INFO: onMessage received from {"resourceId":79,"message":"ping"} []
[2025-02-28T14:44:54.734210+00:00] app.INFO: onMessage received from {"resourceId":79,"message":"ping"} []
[2025-02-28T14:45:24.688961+00:00] app.INFO: onMessage received from {"resourceId":79,"message":"ping"} []
[2025-02-28T14:45:54.677565+00:00] app.INFO: onMessage received from {"resourceId":79,"message":"ping"} []
[2025-02-28T14:46:24.677226+00:00] app.INFO: onMessage received from {"resourceId":79,"message":"ping"} []
[2025-02-28T14:46:54.690511+00:00] app.INFO: onMessage received from {"resourceId":79,"message":"ping"} []
[2025-02-28T14:47:24.678615+00:00] app.INFO: onMessage received from {"resourceId":79,"message":"ping"} []
[2025-02-28T14:47:54.720948+00:00] app.INFO: onMessage received from {"resourceId":79,"message":"ping"} []
[2025-02-28T14:48:24.763803+00:00] app.INFO: onMessage received from {"resourceId":79,"message":"ping"} []
[2025-02-28T14:48:54.866046+00:00] app.INFO: onMessage received from {"resourceId":79,"message":"ping"} []
[2025-02-28T14:49:24.920058+00:00] app.INFO: onMessage received from {"resourceId":79,"message":"ping"} []
[2025-02-28T14:49:54.920079+00:00] app.INFO: onMessage received from {"resourceId":79,"message":"ping"} []
[2025-02-28T14:50:24.921217+00:00] app.INFO: onMessage received from {"resourceId":79,"message":"ping"} []
[2025-02-28T14:50:54.920769+00:00] app.INFO: onMessage received from {"resourceId":79,"message":"ping"} []
[2025-02-28T14:51:24.930433+00:00] app.INFO: onMessage received from {"resourceId":79,"message":"ping"} []
[2025-02-28T14:51:55.136356+00:00] app.INFO: onMessage received from {"resourceId":79,"message":"ping"} []
[2025-02-28T14:52:25.300743+00:00] app.INFO: onMessage received from {"resourceId":79,"message":"ping"} []
[2025-02-28T14:52:55.263921+00:00] app.INFO: onMessage received from {"resourceId":79,"message":"ping"} []
[2025-02-28T14:53:25.324005+00:00] app.INFO: onMessage received from {"resourceId":79,"message":"ping"} []
[2025-02-28T14:59:45.814502+00:00] app.INFO: WebSocket started {"message":"Server started. 000000"} []
[2025-02-28T15:00:24.898186+00:00] app.INFO: New WebSocket connection {"resourceId":79,"ip":"192.168.1.94"} []
[2025-02-28T15:00:34.939380+00:00] app.INFO: onMessage received from {"resourceId":79,"message":"subscribe"} []
[2025-02-28T15:00:34.939442+00:00] app.INFO: subscribeToChannel {"message":"momo_updates"} []
[2025-02-28T15:00:34.939479+00:00] app.INFO: onMessage received from {"resourceId":79,"message":"ping"} []
[2025-02-28T15:01:03.293579+00:00] app.INFO: onMessage received from {"resourceId":79,"message":"ping"} []
[2025-02-28T15:01:31.332907+00:00] app.INFO: onMessage received from {"resourceId":79,"message":"ping"} []
[2025-02-28T15:02:01.333584+00:00] app.INFO: onMessage received from {"resourceId":79,"message":"ping"} []
[2025-02-28T15:02:31.488765+00:00] app.INFO: onMessage received from {"resourceId":79,"message":"ping"} []
[2025-02-28T15:03:01.518854+00:00] app.INFO: onMessage received from {"resourceId":79,"message":"ping"} []
[2025-02-28T15:03:31.519185+00:00] app.INFO: onMessage received from {"resourceId":79,"message":"ping"} []
[2025-02-28T15:04:01.519403+00:00] app.INFO: onMessage received from {"resourceId":79,"message":"ping"} []
[2025-02-28T15:04:31.519655+00:00] app.INFO: onMessage received from {"resourceId":79,"message":"ping"} []
[2025-02-28T15:05:01.519886+00:00] app.INFO: onMessage received from {"resourceId":79,"message":"ping"} []
[2025-02-28T15:05:31.520077+00:00] app.INFO: onMessage received from {"resourceId":79,"message":"ping"} []
[2025-02-28T15:06:01.520286+00:00] app.INFO: onMessage received from {"resourceId":79,"message":"ping"} []
[2025-02-28T15:06:31.523930+00:00] app.INFO: onMessage received from {"resourceId":79,"message":"ping"} []
[2025-02-28T15:07:01.559694+00:00] app.INFO: onMessage received from {"resourceId":79,"message":"ping"} []
[2025-02-28T15:07:31.601217+00:00] app.INFO: onMessage received from {"resourceId":79,"message":"ping"} []
[2025-02-28T15:08:01.634898+00:00] app.INFO: onMessage received from {"resourceId":79,"message":"ping"} []
[2025-02-28T15:08:31.640506+00:00] app.INFO: onMessage received from {"resourceId":79,"message":"ping"} []
[2025-02-28T15:09:01.787082+00:00] app.INFO: onMessage received from {"resourceId":79,"message":"ping"} []
[2025-02-28T15:09:31.740506+00:00] app.INFO: onMessage received from {"resourceId":79,"message":"ping"} []
[2025-02-28T15:10:01.740907+00:00] app.INFO: onMessage received from {"resourceId":79,"message":"ping"} []
[2025-02-28T15:10:31.899594+00:00] app.INFO: onMessage received from {"resourceId":79,"message":"ping"} []
[2025-02-28T15:11:01.852839+00:00] app.INFO: onMessage received from {"resourceId":79,"message":"ping"} []
[2025-02-28T15:11:31.889294+00:00] app.INFO: onMessage received from {"resourceId":79,"message":"ping"} []
[2025-02-28T15:12:01.889706+00:00] app.INFO: onMessage received from {"resourceId":79,"message":"ping"} []
[2025-02-28T15:12:32.046576+00:00] app.INFO: onMessage received from {"resourceId":79,"message":"ping"} []
[2025-02-28T15:13:01.999955+00:00] app.INFO: onMessage received from {"resourceId":79,"message":"ping"} []
[2025-02-28T15:13:31.991948+00:00] app.INFO: onMessage received from {"resourceId":79,"message":"ping"} []
[2025-02-28T15:14:02.143945+00:00] app.INFO: onMessage received from {"resourceId":79,"message":"ping"} []
[2025-02-28T15:14:32.101615+00:00] app.INFO: onMessage received from {"resourceId":79,"message":"ping"} []
[2025-02-28T15:15:02.133218+00:00] app.INFO: onMessage received from {"resourceId":79,"message":"ping"} []
[2025-02-28T15:15:32.139287+00:00] app.INFO: onMessage received from {"resourceId":79,"message":"ping"} []
[2025-02-28T15:16:02.294116+00:00] app.INFO: onMessage received from {"resourceId":79,"message":"ping"} []
[2025-02-28T15:16:32.253155+00:00] app.INFO: onMessage received from {"resourceId":79,"message":"ping"} []
[2025-02-28T15:17:02.247902+00:00] app.INFO: onMessage received from {"resourceId":79,"message":"ping"} []
[2025-02-28T15:17:32.412094+00:00] app.INFO: onMessage received from {"resourceId":79,"message":"ping"} []
[2025-02-28T15:18:02.374970+00:00] app.INFO: onMessage received from {"resourceId":79,"message":"ping"} []
[2025-02-28T15:18:32.416963+00:00] app.INFO: onMessage received from {"resourceId":79,"message":"ping"} []
[2025-02-28T15:19:02.424550+00:00] app.INFO: onMessage received from {"resourceId":79,"message":"ping"} []
[2025-02-28T15:19:32.579386+00:00] app.INFO: onMessage received from {"resourceId":79,"message":"ping"} []
[2025-02-28T15:20:02.530850+00:00] app.INFO: onMessage received from {"resourceId":79,"message":"ping"} []
[2025-02-28T15:20:32.530784+00:00] app.INFO: onMessage received from {"resourceId":79,"message":"ping"} []
[2025-02-28T15:21:02.677868+00:00] app.INFO: onMessage received from {"resourceId":79,"message":"ping"} []
[2025-02-28T15:21:32.639848+00:00] app.INFO: onMessage received from {"resourceId":79,"message":"ping"} []
[2025-02-28T15:22:02.683177+00:00] app.INFO: onMessage received from {"resourceId":79,"message":"ping"} []
[2025-02-28T15:22:32.686178+00:00] app.INFO: onMessage received from {"resourceId":79,"message":"ping"} []
[2025-02-28T15:23:02.760634+00:00] app.INFO: onMessage received from {"resourceId":79,"message":"ping"} []
[2025-02-28T15:23:32.797585+00:00] app.INFO: onMessage received from {"resourceId":79,"message":"ping"} []
[2025-02-28T15:24:02.797909+00:00] app.INFO: onMessage received from {"resourceId":79,"message":"ping"} []
[2025-02-28T15:24:32.947024+00:00] app.INFO: onMessage received from {"resourceId":79,"message":"ping"} []
[2025-02-28T15:25:02.903574+00:00] app.INFO: onMessage received from {"resourceId":79,"message":"ping"} []
[2025-02-28T15:25:32.938229+00:00] app.INFO: onMessage received from {"resourceId":79,"message":"ping"} []
[2025-02-28T15:26:02.941835+00:00] app.INFO: onMessage received from {"resourceId":79,"message":"ping"} []
[2025-02-28T15:26:33.089854+00:00] app.INFO: onMessage received from {"resourceId":79,"message":"ping"} []
[2025-02-28T15:27:03.055629+00:00] app.INFO: onMessage received from {"resourceId":79,"message":"ping"} []
[2025-02-28T15:27:33.106686+00:00] app.INFO: onMessage received from {"resourceId":79,"message":"ping"} []
[2025-02-28T15:28:03.127008+00:00] app.INFO: onMessage received from {"resourceId":79,"message":"ping"} []
[2025-02-28T15:28:33.164556+00:00] app.INFO: onMessage received from {"resourceId":79,"message":"ping"} []
[2025-02-28T15:29:03.200565+00:00] app.INFO: onMessage received from {"resourceId":79,"message":"ping"} []
[2025-02-28T15:29:33.207563+00:00] app.INFO: onMessage received from {"resourceId":79,"message":"ping"} []
[2025-02-28T15:30:03.359812+00:00] app.INFO: onMessage received from {"resourceId":79,"message":"ping"} []
[2025-02-28T15:30:33.312652+00:00] app.INFO: onMessage received from {"resourceId":79,"message":"ping"} []
[2025-02-28T15:31:03.313583+00:00] app.INFO: onMessage received from {"resourceId":79,"message":"ping"} []
[2025-02-28T15:31:33.467260+00:00] app.INFO: onMessage received from {"resourceId":79,"message":"ping"} []
[2025-02-28T15:32:03.425926+00:00] app.INFO: onMessage received from {"resourceId":79,"message":"ping"} []
[2025-02-28T15:32:33.464038+00:00] app.INFO: onMessage received from {"resourceId":79,"message":"ping"} []
[2025-02-28T15:33:03.470454+00:00] app.INFO: onMessage received from {"resourceId":79,"message":"ping"} []
[2025-02-28T15:33:33.548457+00:00] app.INFO: onMessage received from {"resourceId":79,"message":"ping"} []
[2025-02-28T15:34:03.586211+00:00] app.INFO: onMessage received from {"resourceId":79,"message":"ping"} []
[2025-02-28T15:34:33.586468+00:00] app.INFO: onMessage received from {"resourceId":79,"message":"ping"} []
[2025-02-28T15:35:03.742798+00:00] app.INFO: onMessage received from {"resourceId":79,"message":"ping"} []
[2025-02-28T15:35:33.697377+00:00] app.INFO: onMessage received from {"resourceId":79,"message":"ping"} []
[2025-02-28T15:36:03.736442+00:00] app.INFO: onMessage received from {"resourceId":79,"message":"ping"} []
[2025-02-28T15:36:33.738850+00:00] app.INFO: onMessage received from {"resourceId":79,"message":"ping"} []
[2025-02-28T15:37:03.740163+00:00] app.INFO: onMessage received from {"resourceId":79,"message":"ping"} []
[2025-02-28T15:37:33.739434+00:00] app.INFO: onMessage received from {"resourceId":79,"message":"ping"} []
[2025-02-28T15:38:03.828114+00:00] app.INFO: onMessage received from {"resourceId":79,"message":"ping"} []
[2025-02-28T15:38:33.918563+00:00] app.INFO: onMessage received from {"resourceId":79,"message":"ping"} []
[2025-02-28T15:39:03.953773+00:00] app.INFO: onMessage received from {"resourceId":79,"message":"ping"} []
[2025-02-28T15:39:33.993145+00:00] app.INFO: onMessage received from {"resourceId":79,"message":"ping"} []
[2025-02-28T15:40:03.992752+00:00] app.INFO: onMessage received from {"resourceId":79,"message":"ping"} []
[2025-02-28T15:40:34.144763+00:00] app.INFO: onMessage received from {"resourceId":79,"message":"ping"} []
[2025-02-28T15:41:04.091640+00:00] app.INFO: onMessage received from {"resourceId":79,"message":"ping"} []
[2025-02-28T15:41:34.075816+00:00] app.INFO: onMessage received from {"resourceId":79,"message":"ping"} []
[2025-02-28T15:42:04.222544+00:00] app.INFO: onMessage received from {"resourceId":79,"message":"ping"} []
[2025-02-28T15:42:34.174101+00:00] app.INFO: onMessage received from {"resourceId":79,"message":"ping"} []
[2025-02-28T15:43:04.150573+00:00] app.INFO: onMessage received from {"resourceId":79,"message":"ping"} []
[2025-02-28T15:43:34.150421+00:00] app.INFO: onMessage received from {"resourceId":79,"message":"ping"} []
[2025-02-28T15:44:04.360856+00:00] app.INFO: onMessage received from {"resourceId":79,"message":"ping"} []
[2025-02-28T15:44:34.408639+00:00] app.INFO: onMessage received from {"resourceId":79,"message":"ping"} []
[2025-02-28T15:45:04.458820+00:00] app.INFO: onMessage received from {"resourceId":79,"message":"ping"} []
[2025-02-28T15:45:34.460258+00:00] app.INFO: onMessage received from {"resourceId":79,"message":"ping"} []
[2025-02-28T15:46:04.618001+00:00] app.INFO: onMessage received from {"resourceId":79,"message":"ping"} []
[2025-02-28T15:46:34.578917+00:00] app.INFO: onMessage received from {"resourceId":79,"message":"ping"} []
[2025-02-28T15:47:04.579714+00:00] app.INFO: onMessage received from {"resourceId":79,"message":"ping"} []
[2025-02-28T15:47:34.735992+00:00] app.INFO: onMessage received from {"resourceId":79,"message":"ping"} []
[2025-02-28T15:48:04.706590+00:00] app.INFO: onMessage received from {"resourceId":79,"message":"ping"} []
[2025-02-28T15:48:34.739213+00:00] app.INFO: onMessage received from {"resourceId":79,"message":"ping"} []
[2025-02-28T15:49:04.747419+00:00] app.INFO: onMessage received from {"resourceId":79,"message":"ping"} []
[2025-02-28T15:49:34.901290+00:00] app.INFO: onMessage received from {"resourceId":79,"message":"ping"} []
[2025-02-28T15:50:04.863335+00:00] app.INFO: onMessage received from {"resourceId":79,"message":"ping"} []
[2025-02-28T15:50:34.863749+00:00] app.INFO: onMessage received from {"resourceId":79,"message":"ping"} []
[2025-02-28T15:51:05.018366+00:00] app.INFO: onMessage received from {"resourceId":79,"message":"ping"} []
[2025-02-28T15:51:34.970847+00:00] app.INFO: onMessage received from {"resourceId":79,"message":"ping"} []
[2025-02-28T15:52:05.000129+00:00] app.INFO: onMessage received from {"resourceId":79,"message":"ping"} []
[2025-02-28T15:52:35.001677+00:00] app.INFO: onMessage received from {"resourceId":79,"message":"ping"} []
[2025-02-28T15:53:05.002217+00:00] app.INFO: onMessage received from {"resourceId":79,"message":"ping"} []
[2025-02-28T15:53:35.162472+00:00] app.INFO: onMessage received from {"resourceId":79,"message":"ping"} []
[2025-02-28T15:54:05.163164+00:00] app.INFO: onMessage received from {"resourceId":79,"message":"ping"} []
[2025-02-28T15:54:35.319313+00:00] app.INFO: onMessage received from {"resourceId":79,"message":"ping"} []
[2025-02-28T15:55:05.269604+00:00] app.INFO: onMessage received from {"resourceId":79,"message":"ping"} []
[2025-02-28T15:55:35.420679+00:00] app.INFO: onMessage received from {"resourceId":79,"message":"ping"} []
[2025-02-28T15:56:05.368837+00:00] app.INFO: onMessage received from {"resourceId":79,"message":"ping"} []
[2025-02-28T15:56:35.347151+00:00] app.INFO: onMessage received from {"resourceId":79,"message":"ping"} []
[2025-02-28T15:57:05.347314+00:00] app.INFO: onMessage received from {"resourceId":79,"message":"ping"} []
[2025-02-28T15:57:35.511028+00:00] app.INFO: onMessage received from {"resourceId":79,"message":"ping"} []
[2025-02-28T15:58:05.545257+00:00] app.INFO: onMessage received from {"resourceId":79,"message":"ping"} []
[2025-02-28T15:58:35.579010+00:00] app.INFO: onMessage received from {"resourceId":79,"message":"ping"} []
[2025-02-28T15:59:05.584287+00:00] app.INFO: onMessage received from {"resourceId":79,"message":"ping"} []
[2025-02-28T15:59:35.645549+00:00] app.INFO: onMessage received from {"resourceId":79,"message":"ping"} []
[2025-02-28T16:00:05.646341+00:00] app.INFO: onMessage received from {"resourceId":79,"message":"ping"} []
[2025-02-28T16:00:35.645810+00:00] app.INFO: onMessage received from {"resourceId":79,"message":"ping"} []
[2025-02-28T16:01:05.646796+00:00] app.INFO: onMessage received from {"resourceId":79,"message":"ping"} []
[2025-02-28T16:01:35.646772+00:00] app.INFO: onMessage received from {"resourceId":79,"message":"ping"} []
[2025-02-28T16:02:05.646572+00:00] app.INFO: onMessage received from {"resourceId":79,"message":"ping"} []
[2025-02-28T16:02:35.647134+00:00] app.INFO: onMessage received from {"resourceId":79,"message":"ping"} []
[2025-02-28T16:03:05.685496+00:00] app.INFO: onMessage received from {"resourceId":79,"message":"ping"} []
[2025-02-28T16:03:35.721425+00:00] app.INFO: onMessage received from {"resourceId":79,"message":"ping"} []
[2025-02-28T16:04:05.725826+00:00] app.INFO: onMessage received from {"resourceId":79,"message":"ping"} []
[2025-02-28T16:04:35.877568+00:00] app.INFO: onMessage received from {"resourceId":79,"message":"ping"} []
[2025-02-28T16:05:05.839899+00:00] app.INFO: onMessage received from {"resourceId":79,"message":"ping"} []
[2025-02-28T16:05:35.839615+00:00] app.INFO: onMessage received from {"resourceId":79,"message":"ping"} []
[2025-02-28T16:06:05.840163+00:00] app.INFO: onMessage received from {"resourceId":79,"message":"ping"} []
[2025-02-28T16:06:35.840051+00:00] app.INFO: onMessage received from {"resourceId":79,"message":"ping"} []
[2025-02-28T16:07:05.840699+00:00] app.INFO: onMessage received from {"resourceId":79,"message":"ping"} []
[2025-02-28T16:07:36.045321+00:00] app.INFO: onMessage received from {"resourceId":79,"message":"ping"} []
[2025-02-28T16:08:06.046022+00:00] app.INFO: onMessage received from {"resourceId":79,"message":"ping"} []
[2025-02-28T16:08:36.045921+00:00] app.INFO: onMessage received from {"resourceId":79,"message":"ping"} []
[2025-02-28T16:09:06.046228+00:00] app.INFO: onMessage received from {"resourceId":79,"message":"ping"} []
[2025-02-28T16:09:36.046091+00:00] app.INFO: onMessage received from {"resourceId":79,"message":"ping"} []
[2025-02-28T16:10:06.046669+00:00] app.INFO: onMessage received from {"resourceId":79,"message":"ping"} []
[2025-02-28T16:10:36.046992+00:00] app.INFO: onMessage received from {"resourceId":79,"message":"ping"} []
[2025-02-28T16:11:06.047517+00:00] app.INFO: onMessage received from {"resourceId":79,"message":"ping"} []
[2025-02-28T16:11:36.085064+00:00] app.INFO: onMessage received from {"resourceId":79,"message":"ping"} []
[2025-02-28T16:12:06.118406+00:00] app.INFO: onMessage received from {"resourceId":79,"message":"ping"} []
[2025-02-28T16:12:36.119014+00:00] app.INFO: onMessage received from {"resourceId":79,"message":"ping"} []
[2025-02-28T16:13:06.119167+00:00] app.INFO: onMessage received from {"resourceId":79,"message":"ping"} []
[2025-02-28T16:13:36.268339+00:00] app.INFO: onMessage received from {"resourceId":79,"message":"ping"} []
[2025-02-28T16:14:06.221834+00:00] app.INFO: onMessage received from {"resourceId":79,"message":"ping"} []
[2025-02-28T16:14:36.221839+00:00] app.INFO: onMessage received from {"resourceId":79,"message":"ping"} []
[2025-02-28T16:15:06.222359+00:00] app.INFO: onMessage received from {"resourceId":79,"message":"ping"} []
[2025-02-28T16:15:36.222110+00:00] app.INFO: onMessage received from {"resourceId":79,"message":"ping"} []
[2025-02-28T16:16:06.222688+00:00] app.INFO: onMessage received from {"resourceId":79,"message":"ping"} []
[2025-02-28T16:16:36.222992+00:00] app.INFO: onMessage received from {"resourceId":79,"message":"ping"} []
[2025-02-28T16:17:06.223380+00:00] app.INFO: onMessage received from {"resourceId":79,"message":"ping"} []
[2025-02-28T16:17:36.223591+00:00] app.INFO: onMessage received from {"resourceId":79,"message":"ping"} []
[2025-02-28T16:18:06.223904+00:00] app.INFO: onMessage received from {"resourceId":79,"message":"ping"} []
[2025-02-28T16:18:36.223907+00:00] app.INFO: onMessage received from {"resourceId":79,"message":"ping"} []
[2025-02-28T16:19:06.393762+00:00] app.INFO: onMessage received from {"resourceId":79,"message":"ping"} []
[2025-02-28T16:19:36.393667+00:00] app.INFO: onMessage received from {"resourceId":79,"message":"ping"} []
[2025-02-28T16:20:06.394471+00:00] app.INFO: onMessage received from {"resourceId":79,"message":"ping"} []
[2025-02-28T16:20:36.394022+00:00] app.INFO: onMessage received from {"resourceId":79,"message":"ping"} []
[2025-02-28T16:21:06.394554+00:00] app.INFO: onMessage received from {"resourceId":79,"message":"ping"} []
[2025-02-28T16:21:36.394394+00:00] app.INFO: onMessage received from {"resourceId":79,"message":"ping"} []
[2025-02-28T16:22:06.395088+00:00] app.INFO: onMessage received from {"resourceId":79,"message":"ping"} []
[2025-02-28T16:22:36.394877+00:00] app.INFO: onMessage received from {"resourceId":79,"message":"ping"} []
[2025-02-28T16:23:06.395583+00:00] app.INFO: onMessage received from {"resourceId":79,"message":"ping"} []
[2025-02-28T16:23:36.395944+00:00] app.INFO: onMessage received from {"resourceId":79,"message":"ping"} []
[2025-02-28T16:24:06.395766+00:00] app.INFO: onMessage received from {"resourceId":79,"message":"ping"} []
[2025-02-28T16:24:36.550863+00:00] app.INFO: onMessage received from {"resourceId":79,"message":"ping"} []
[2025-02-28T16:25:06.703902+00:00] app.INFO: onMessage received from {"resourceId":79,"message":"ping"} []
[2025-02-28T16:25:36.658217+00:00] app.INFO: onMessage received from {"resourceId":79,"message":"ping"} []
[2025-02-28T16:26:06.620341+00:00] app.INFO: onMessage received from {"resourceId":79,"message":"ping"} []
[2025-02-28T16:26:36.620726+00:00] app.INFO: onMessage received from {"resourceId":79,"message":"ping"} []
[2025-02-28T16:27:06.620973+00:00] app.INFO: onMessage received from {"resourceId":79,"message":"ping"} []
[2025-02-28T16:27:36.620666+00:00] app.INFO: onMessage received from {"resourceId":79,"message":"ping"} []
[2025-02-28T16:28:06.857846+00:00] app.INFO: onMessage received from {"resourceId":79,"message":"ping"} []
[2025-02-28T16:28:36.857783+00:00] app.INFO: onMessage received from {"resourceId":79,"message":"ping"} []
[2025-02-28T16:29:07.005257+00:00] app.INFO: onMessage received from {"resourceId":79,"message":"ping"} []
[2025-02-28T16:29:36.979397+00:00] app.INFO: onMessage received from {"resourceId":79,"message":"ping"} []
[2025-02-28T16:30:07.016986+00:00] app.INFO: onMessage received from {"resourceId":79,"message":"ping"} []
[2025-02-28T16:30:37.021921+00:00] app.INFO: onMessage received from {"resourceId":79,"message":"ping"} []
[2025-02-28T16:31:07.022951+00:00] app.INFO: onMessage received from {"resourceId":79,"message":"ping"} []
[2025-02-28T16:31:37.174171+00:00] app.INFO: onMessage received from {"resourceId":79,"message":"ping"} []
[2025-02-28T16:32:07.137599+00:00] app.INFO: onMessage received from {"resourceId":79,"message":"ping"} []
[2025-02-28T16:32:37.137048+00:00] app.INFO: onMessage received from {"resourceId":79,"message":"ping"} []
[2025-02-28T16:33:07.137733+00:00] app.INFO: onMessage received from {"resourceId":79,"message":"ping"} []
[2025-02-28T16:33:37.288849+00:00] app.INFO: onMessage received from {"resourceId":79,"message":"ping"} []
[2025-02-28T16:34:07.320928+00:00] app.INFO: onMessage received from {"resourceId":79,"message":"ping"} []
[2025-02-28T16:34:37.320862+00:00] app.INFO: onMessage received from {"resourceId":79,"message":"ping"} []
[2025-02-28T16:35:07.359813+00:00] app.INFO: onMessage received from {"resourceId":79,"message":"ping"} []
[2025-02-28T16:35:37.360042+00:00] app.INFO: onMessage received from {"resourceId":79,"message":"ping"} []
[2025-02-28T16:36:07.360841+00:00] app.INFO: onMessage received from {"resourceId":79,"message":"ping"} []
[2025-02-28T16:36:37.366228+00:00] app.INFO: onMessage received from {"resourceId":79,"message":"ping"} []
[2025-02-28T16:37:07.361401+00:00] app.INFO: onMessage received from {"resourceId":79,"message":"ping"} []
[2025-02-28T16:37:37.361086+00:00] app.INFO: onMessage received from {"resourceId":79,"message":"ping"} []
[2025-02-28T16:38:07.361868+00:00] app.INFO: onMessage received from {"resourceId":79,"message":"ping"} []
[2025-02-28T16:38:37.361834+00:00] app.INFO: onMessage received from {"resourceId":79,"message":"ping"} []
[2025-02-28T16:39:07.362195+00:00] app.INFO: onMessage received from {"resourceId":79,"message":"ping"} []
[2025-02-28T16:39:37.362383+00:00] app.INFO: onMessage received from {"resourceId":79,"message":"ping"} []
[2025-02-28T16:40:07.362768+00:00] app.INFO: onMessage received from {"resourceId":79,"message":"ping"} []
[2025-02-28T16:40:37.362774+00:00] app.INFO: onMessage received from {"resourceId":79,"message":"ping"} []
[2025-02-28T16:41:07.363228+00:00] app.INFO: onMessage received from {"resourceId":79,"message":"ping"} []
[2025-02-28T16:41:37.397601+00:00] app.INFO: onMessage received from {"resourceId":79,"message":"ping"} []
[2025-02-28T16:42:07.397789+00:00] app.INFO: onMessage received from {"resourceId":79,"message":"ping"} []
[2025-02-28T16:42:37.397987+00:00] app.INFO: onMessage received from {"resourceId":79,"message":"ping"} []
[2025-02-28T16:43:07.402919+00:00] app.INFO: onMessage received from {"resourceId":79,"message":"ping"} []
[2025-02-28T16:43:37.569178+00:00] app.INFO: onMessage received from {"resourceId":79,"message":"ping"} []
[2025-02-28T16:44:07.596126+00:00] app.INFO: onMessage received from {"resourceId":79,"message":"ping"} []
[2025-02-28T16:44:37.741622+00:00] app.INFO: onMessage received from {"resourceId":79,"message":"ping"} []
[2025-02-28T16:45:07.692483+00:00] app.INFO: onMessage received from {"resourceId":79,"message":"ping"} []
[2025-02-28T16:45:37.716419+00:00] app.INFO: onMessage received from {"resourceId":79,"message":"ping"} []
[2025-02-28T16:46:07.717152+00:00] app.INFO: onMessage received from {"resourceId":79,"message":"ping"} []
[2025-02-28T16:46:37.728516+00:00] app.INFO: onMessage received from {"resourceId":79,"message":"ping"} []
[2025-02-28T16:47:07.728886+00:00] app.INFO: onMessage received from {"resourceId":79,"message":"ping"} []
[2025-02-28T16:47:37.927138+00:00] app.INFO: onMessage received from {"resourceId":79,"message":"ping"} []
[2025-02-28T16:48:07.927594+00:00] app.INFO: onMessage received from {"resourceId":79,"message":"ping"} []
[2025-02-28T16:48:37.927196+00:00] app.INFO: onMessage received from {"resourceId":79,"message":"ping"} []
[2025-02-28T16:49:08.078395+00:00] app.INFO: onMessage received from {"resourceId":79,"message":"ping"} []
[2025-02-28T16:49:38.042112+00:00] app.INFO: onMessage received from {"resourceId":79,"message":"ping"} []
[2025-02-28T16:50:08.042518+00:00] app.INFO: onMessage received from {"resourceId":79,"message":"ping"} []
[2025-02-28T16:50:38.042409+00:00] app.INFO: onMessage received from {"resourceId":79,"message":"ping"} []
[2025-02-28T16:51:08.042677+00:00] app.INFO: onMessage received from {"resourceId":79,"message":"ping"} []
[2025-02-28T16:51:38.191052+00:00] app.INFO: onMessage received from {"resourceId":79,"message":"ping"} []
[2025-02-28T16:52:08.166787+00:00] app.INFO: onMessage received from {"resourceId":79,"message":"ping"} []
[2025-02-28T16:52:38.166733+00:00] app.INFO: onMessage received from {"resourceId":79,"message":"ping"} []
[2025-02-28T16:53:08.167720+00:00] app.INFO: onMessage received from {"resourceId":79,"message":"ping"} []
[2025-02-28T16:53:38.417642+00:00] app.INFO: onMessage received from {"resourceId":79,"message":"ping"} []
[2025-02-28T16:54:08.418345+00:00] app.INFO: onMessage received from {"resourceId":79,"message":"ping"} []
[2025-02-28T16:54:38.418160+00:00] app.INFO: onMessage received from {"resourceId":79,"message":"ping"} []
[2025-02-28T16:55:08.418831+00:00] app.INFO: onMessage received from {"resourceId":79,"message":"ping"} []
[2025-02-28T16:55:38.419063+00:00] app.INFO: onMessage received from {"resourceId":79,"message":"ping"} []
